This is pdfTeX, Version 3.14159265-2.6-1.40.19 (MiKTeX 2.9.6930) (preloaded format=pdflatex 2019.5.23)  21 JUN 2019 01:28
entering extended mode
**C:/tex/d.tex
(C:/tex/d.tex
LaTeX2e <2018-12-01>
(C:\Anton\Develop\Misc\MikTeX\texmfs\install\tex/latex/base\article.cls
Document Class: article 2018/09/03 v1.4i Standard LaTeX document class
(C:\Anton\Develop\Misc\MikTeX\texmfs\install\tex/latex/base\size10.clo
File: size10.clo 2018/09/03 v1.4i Standard LaTeX file (size option)
)
\c@part=\count80
\c@section=\count81
\c@subsection=\count82
\c@subsubsection=\count83
\c@paragraph=\count84
\c@subparagraph=\count85
\c@figure=\count86
\c@table=\count87
\abovecaptionskip=\skip41
\belowcaptionskip=\skip42
\bibindent=\dimen102
)
(C:\Anton\Develop\Misc\MikTeX\texmfs\install\tex/latex/pgf/frontendlayer\tikz.s
ty
(C:\Anton\Develop\Misc\MikTeX\texmfs\install\tex/latex/pgf/basiclayer\pgf.sty
(C:\Anton\Develop\Misc\MikTeX\texmfs\install\tex/latex/pgf/utilities\pgfrcs.sty

(C:\Anton\Develop\Misc\MikTeX\texmfs\install\tex/generic/pgf/utilities\pgfutil-
common.tex
\pgfutil@everybye=\toks14
\pgfutil@tempdima=\dimen103
\pgfutil@tempdimb=\dimen104

(C:\Anton\Develop\Misc\MikTeX\texmfs\install\tex/generic/pgf/utilities\pgfutil-
common-lists.tex))
(C:\Anton\Develop\Misc\MikTeX\texmfs\install\tex/generic/pgf/utilities\pgfutil-
latex.def
\pgfutil@abb=\box27

(C:\Anton\Develop\Misc\MikTeX\texmfs\install\tex/latex/ms\everyshi.sty
Package: everyshi 2001/05/15 v3.00 EveryShipout Package (MS)
))
(C:\Anton\Develop\Misc\MikTeX\texmfs\install\tex/generic/pgf/utilities\pgfrcs.c
ode.tex
(C:\Anton\Develop\Misc\MikTeX\texmfs\install\tex/generic/pgf\pgf.revision.tex)
Package: pgfrcs 2019/05/09 v3.1.3 (3.1.3)
))
Package: pgf 2019/05/09 v3.1.3 (3.1.3)

(C:\Anton\Develop\Misc\MikTeX\texmfs\install\tex/latex/pgf/basiclayer\pgfcore.s
ty (C:\Anton\Develop\Misc\MikTeX\texmfs\install\tex/latex/graphics\graphicx.sty
Package: graphicx 2017/06/01 v1.1a Enhanced LaTeX Graphics (DPC,SPQR)
(C:\Anton\Develop\Misc\MikTeX\texmfs\install\tex/latex/graphics\keyval.sty
Package: keyval 2014/10/28 v1.15 key=value parser (DPC)
\KV@toks@=\toks15
)
(C:\Anton\Develop\Misc\MikTeX\texmfs\install\tex/latex/graphics\graphics.sty
Package: graphics 2017/06/25 v1.2c Standard LaTeX Graphics (DPC,SPQR)

(C:\Anton\Develop\Misc\MikTeX\texmfs\install\tex/latex/graphics\trig.sty
Package: trig 2016/01/03 v1.10 sin cos tan (DPC)
)
(C:\Anton\Develop\Misc\MikTeX\texmfs\install\tex/latex/graphics-cfg\graphics.cf
g
File: graphics.cfg 2016/06/04 v1.11 sample graphics configuration
)
Package graphics Info: Driver file: pdftex.def on input line 99.

(C:\Anton\Develop\Misc\MikTeX\texmfs\install\tex/latex/graphics-def\pdftex.def
File: pdftex.def 2018/01/08 v1.0l Graphics/color driver for pdftex
))
\Gin@req@height=\dimen105
\Gin@req@width=\dimen106
)
(C:\Anton\Develop\Misc\MikTeX\texmfs\install\tex/latex/pgf/systemlayer\pgfsys.s
ty
(C:\Anton\Develop\Misc\MikTeX\texmfs\install\tex/generic/pgf/systemlayer\pgfsys
.code.tex
Package: pgfsys 2019/05/09 v3.1.3 (3.1.3)

(C:\Anton\Develop\Misc\MikTeX\texmfs\install\tex/generic/pgf/utilities\pgfkeys.
code.tex
\pgfkeys@pathtoks=\toks16
\pgfkeys@temptoks=\toks17

(C:\Anton\Develop\Misc\MikTeX\texmfs\install\tex/generic/pgf/utilities\pgfkeysf
iltered.code.tex
\pgfkeys@tmptoks=\toks18
))
\pgf@x=\dimen107
\pgf@y=\dimen108
\pgf@xa=\dimen109
\pgf@ya=\dimen110
\pgf@xb=\dimen111
\pgf@yb=\dimen112
\pgf@xc=\dimen113
\pgf@yc=\dimen114
\pgf@xd=\dimen115
\pgf@yd=\dimen116
\w@pgf@writea=\write3
\r@pgf@reada=\read1
\c@pgf@counta=\count88
\c@pgf@countb=\count89
\c@pgf@countc=\count90
\c@pgf@countd=\count91
\t@pgf@toka=\toks19
\t@pgf@tokb=\toks20
\t@pgf@tokc=\toks21
\pgf@sys@id@count=\count92

(C:\Anton\Develop\Misc\MikTeX\texmfs\install\tex/generic/pgf/systemlayer\pgf.cf
g
File: pgf.cfg 2019/05/09 v3.1.3 (3.1.3)
)
Driver file for pgf: pgfsys-pdftex.def

(C:\Anton\Develop\Misc\MikTeX\texmfs\install\tex/generic/pgf/systemlayer\pgfsys
-pdftex.def
File: pgfsys-pdftex.def 2019/05/09 v3.1.3 (3.1.3)

(C:\Anton\Develop\Misc\MikTeX\texmfs\install\tex/generic/pgf/systemlayer\pgfsys
-common-pdf.def
File: pgfsys-common-pdf.def 2019/05/09 v3.1.3 (3.1.3)
)))
(C:\Anton\Develop\Misc\MikTeX\texmfs\install\tex/generic/pgf/systemlayer\pgfsys
softpath.code.tex
File: pgfsyssoftpath.code.tex 2019/05/09 v3.1.3 (3.1.3)
\pgfsyssoftpath@smallbuffer@items=\count93
\pgfsyssoftpath@bigbuffer@items=\count94
)
(C:\Anton\Develop\Misc\MikTeX\texmfs\install\tex/generic/pgf/systemlayer\pgfsys
protocol.code.tex
File: pgfsysprotocol.code.tex 2019/05/09 v3.1.3 (3.1.3)
))
(C:\Anton\Develop\Misc\MikTeX\texmfs\install\tex/latex/xcolor\xcolor.sty
Package: xcolor 2016/05/11 v2.12 LaTeX color extensions (UK)

(C:\Anton\Develop\Misc\MikTeX\texmfs\install\tex/latex/graphics-cfg\color.cfg
File: color.cfg 2016/01/02 v1.6 sample color configuration
)
Package xcolor Info: Driver file: pdftex.def on input line 225.
Package xcolor Info: Model `cmy' substituted by `cmy0' on input line 1348.
Package xcolor Info: Model `hsb' substituted by `rgb' on input line 1352.
Package xcolor Info: Model `RGB' extended on input line 1364.
Package xcolor Info: Model `HTML' substituted by `rgb' on input line 1366.
Package xcolor Info: Model `Hsb' substituted by `hsb' on input line 1367.
Package xcolor Info: Model `tHsb' substituted by `hsb' on input line 1368.
Package xcolor Info: Model `HSB' substituted by `hsb' on input line 1369.
Package xcolor Info: Model `Gray' substituted by `gray' on input line 1370.
Package xcolor Info: Model `wave' substituted by `hsb' on input line 1371.
)
(C:\Anton\Develop\Misc\MikTeX\texmfs\install\tex/generic/pgf/basiclayer\pgfcore
.code.tex
Package: pgfcore 2019/05/09 v3.1.3 (3.1.3)

(C:\Anton\Develop\Misc\MikTeX\texmfs\install\tex/generic/pgf/math\pgfmath.code.
tex
(C:\Anton\Develop\Misc\MikTeX\texmfs\install\tex/generic/pgf/math\pgfmathcalc.c
ode.tex
(C:\Anton\Develop\Misc\MikTeX\texmfs\install\tex/generic/pgf/math\pgfmathutil.c
ode.tex)
(C:\Anton\Develop\Misc\MikTeX\texmfs\install\tex/generic/pgf/math\pgfmathparser
.code.tex
\pgfmath@dimen=\dimen117
\pgfmath@count=\count95
\pgfmath@box=\box28
\pgfmath@toks=\toks22
\pgfmath@stack@operand=\toks23
\pgfmath@stack@operation=\toks24
)
(C:\Anton\Develop\Misc\MikTeX\texmfs\install\tex/generic/pgf/math\pgfmathfuncti
ons.code.tex
(C:\Anton\Develop\Misc\MikTeX\texmfs\install\tex/generic/pgf/math\pgfmathfuncti
ons.basic.code.tex)
(C:\Anton\Develop\Misc\MikTeX\texmfs\install\tex/generic/pgf/math\pgfmathfuncti
ons.trigonometric.code.tex)
(C:\Anton\Develop\Misc\MikTeX\texmfs\install\tex/generic/pgf/math\pgfmathfuncti
ons.random.code.tex)
(C:\Anton\Develop\Misc\MikTeX\texmfs\install\tex/generic/pgf/math\pgfmathfuncti
ons.comparison.code.tex)
(C:\Anton\Develop\Misc\MikTeX\texmfs\install\tex/generic/pgf/math\pgfmathfuncti
ons.base.code.tex)
(C:\Anton\Develop\Misc\MikTeX\texmfs\install\tex/generic/pgf/math\pgfmathfuncti
ons.round.code.tex)
(C:\Anton\Develop\Misc\MikTeX\texmfs\install\tex/generic/pgf/math\pgfmathfuncti
ons.misc.code.tex)
(C:\Anton\Develop\Misc\MikTeX\texmfs\install\tex/generic/pgf/math\pgfmathfuncti
ons.integerarithmetics.code.tex)))
(C:\Anton\Develop\Misc\MikTeX\texmfs\install\tex/generic/pgf/math\pgfmathfloat.
code.tex
\c@pgfmathroundto@lastzeros=\count96
))
(C:\Anton\Develop\Misc\MikTeX\texmfs\install\tex/generic/pgf/math\pgfint.code.t
ex)
(C:\Anton\Develop\Misc\MikTeX\texmfs\install\tex/generic/pgf/basiclayer\pgfcore
points.code.tex
File: pgfcorepoints.code.tex 2019/05/09 v3.1.3 (3.1.3)
\pgf@picminx=\dimen118
\pgf@picmaxx=\dimen119
\pgf@picminy=\dimen120
\pgf@picmaxy=\dimen121
\pgf@pathminx=\dimen122
\pgf@pathmaxx=\dimen123
\pgf@pathminy=\dimen124
\pgf@pathmaxy=\dimen125
\pgf@xx=\dimen126
\pgf@xy=\dimen127
\pgf@yx=\dimen128
\pgf@yy=\dimen129
\pgf@zx=\dimen130
\pgf@zy=\dimen131
)
(C:\Anton\Develop\Misc\MikTeX\texmfs\install\tex/generic/pgf/basiclayer\pgfcore
pathconstruct.code.tex
File: pgfcorepathconstruct.code.tex 2019/05/09 v3.1.3 (3.1.3)
\pgf@path@lastx=\dimen132
\pgf@path@lasty=\dimen133
)
(C:\Anton\Develop\Misc\MikTeX\texmfs\install\tex/generic/pgf/basiclayer\pgfcore
pathusage.code.tex
File: pgfcorepathusage.code.tex 2019/05/09 v3.1.3 (3.1.3)
\pgf@shorten@end@additional=\dimen134
\pgf@shorten@start@additional=\dimen135
)
(C:\Anton\Develop\Misc\MikTeX\texmfs\install\tex/generic/pgf/basiclayer\pgfcore
scopes.code.tex
File: pgfcorescopes.code.tex 2019/05/09 v3.1.3 (3.1.3)
\pgfpic=\box29
\pgf@hbox=\box30
\pgf@layerbox@main=\box31
\pgf@picture@serial@count=\count97
)
(C:\Anton\Develop\Misc\MikTeX\texmfs\install\tex/generic/pgf/basiclayer\pgfcore
graphicstate.code.tex
File: pgfcoregraphicstate.code.tex 2019/05/09 v3.1.3 (3.1.3)
\pgflinewidth=\dimen136
)
(C:\Anton\Develop\Misc\MikTeX\texmfs\install\tex/generic/pgf/basiclayer\pgfcore
transformations.code.tex
File: pgfcoretransformations.code.tex 2019/05/09 v3.1.3 (3.1.3)
\pgf@pt@x=\dimen137
\pgf@pt@y=\dimen138
\pgf@pt@temp=\dimen139
)
(C:\Anton\Develop\Misc\MikTeX\texmfs\install\tex/generic/pgf/basiclayer\pgfcore
quick.code.tex
File: pgfcorequick.code.tex 2019/05/09 v3.1.3 (3.1.3)
)
(C:\Anton\Develop\Misc\MikTeX\texmfs\install\tex/generic/pgf/basiclayer\pgfcore
objects.code.tex
File: pgfcoreobjects.code.tex 2019/05/09 v3.1.3 (3.1.3)
)
(C:\Anton\Develop\Misc\MikTeX\texmfs\install\tex/generic/pgf/basiclayer\pgfcore
pathprocessing.code.tex
File: pgfcorepathprocessing.code.tex 2019/05/09 v3.1.3 (3.1.3)
)
(C:\Anton\Develop\Misc\MikTeX\texmfs\install\tex/generic/pgf/basiclayer\pgfcore
arrows.code.tex
File: pgfcorearrows.code.tex 2019/05/09 v3.1.3 (3.1.3)
\pgfarrowsep=\dimen140
)
(C:\Anton\Develop\Misc\MikTeX\texmfs\install\tex/generic/pgf/basiclayer\pgfcore
shade.code.tex
File: pgfcoreshade.code.tex 2019/05/09 v3.1.3 (3.1.3)
\pgf@max=\dimen141
\pgf@sys@shading@range@num=\count98
\pgf@shadingcount=\count99
)
(C:\Anton\Develop\Misc\MikTeX\texmfs\install\tex/generic/pgf/basiclayer\pgfcore
image.code.tex
File: pgfcoreimage.code.tex 2019/05/09 v3.1.3 (3.1.3)

(C:\Anton\Develop\Misc\MikTeX\texmfs\install\tex/generic/pgf/basiclayer\pgfcore
external.code.tex
File: pgfcoreexternal.code.tex 2019/05/09 v3.1.3 (3.1.3)
\pgfexternal@startupbox=\box32
))
(C:\Anton\Develop\Misc\MikTeX\texmfs\install\tex/generic/pgf/basiclayer\pgfcore
layers.code.tex
File: pgfcorelayers.code.tex 2019/05/09 v3.1.3 (3.1.3)
)
(C:\Anton\Develop\Misc\MikTeX\texmfs\install\tex/generic/pgf/basiclayer\pgfcore
transparency.code.tex
File: pgfcoretransparency.code.tex 2019/05/09 v3.1.3 (3.1.3)
)
(C:\Anton\Develop\Misc\MikTeX\texmfs\install\tex/generic/pgf/basiclayer\pgfcore
patterns.code.tex
File: pgfcorepatterns.code.tex 2019/05/09 v3.1.3 (3.1.3)
)
(C:\Anton\Develop\Misc\MikTeX\texmfs\install\tex/generic/pgf/basiclayer\pgfcore
rdf.code.tex
File: pgfcorerdf.code.tex 2019/05/09 v3.1.3 (3.1.3)
)))
(C:\Anton\Develop\Misc\MikTeX\texmfs\install\tex/generic/pgf/modules\pgfmodules
hapes.code.tex
File: pgfmoduleshapes.code.tex 2019/05/09 v3.1.3 (3.1.3)
\pgfnodeparttextbox=\box33
)
(C:\Anton\Develop\Misc\MikTeX\texmfs\install\tex/generic/pgf/modules\pgfmodulep
lot.code.tex
File: pgfmoduleplot.code.tex 2019/05/09 v3.1.3 (3.1.3)
)
(C:\Anton\Develop\Misc\MikTeX\texmfs\install\tex/latex/pgf/compatibility\pgfcom
p-version-0-65.sty
Package: pgfcomp-version-0-65 2019/05/09 v3.1.3 (3.1.3)
\pgf@nodesepstart=\dimen142
\pgf@nodesepend=\dimen143
)
(C:\Anton\Develop\Misc\MikTeX\texmfs\install\tex/latex/pgf/compatibility\pgfcom
p-version-1-18.sty
Package: pgfcomp-version-1-18 2019/05/09 v3.1.3 (3.1.3)
))
(C:\Anton\Develop\Misc\MikTeX\texmfs\install\tex/latex/pgf/utilities\pgffor.sty

(C:\Anton\Develop\Misc\MikTeX\texmfs\install\tex/latex/pgf/utilities\pgfkeys.st
y
(C:\Anton\Develop\Misc\MikTeX\texmfs\install\tex/generic/pgf/utilities\pgfkeys.
code.tex))
(C:\Anton\Develop\Misc\MikTeX\texmfs\install\tex/latex/pgf/math\pgfmath.sty
(C:\Anton\Develop\Misc\MikTeX\texmfs\install\tex/generic/pgf/math\pgfmath.code.
tex))
(C:\Anton\Develop\Misc\MikTeX\texmfs\install\tex/generic/pgf/utilities\pgffor.c
ode.tex
Package: pgffor 2019/05/09 v3.1.3 (3.1.3)

(C:\Anton\Develop\Misc\MikTeX\texmfs\install\tex/generic/pgf/math\pgfmath.code.
tex)
\pgffor@iter=\dimen144
\pgffor@skip=\dimen145
\pgffor@stack=\toks25
\pgffor@toks=\toks26
))
(C:\Anton\Develop\Misc\MikTeX\texmfs\install\tex/generic/pgf/frontendlayer/tikz
\tikz.code.tex
Package: tikz 2019/05/09 v3.1.3 (3.1.3)

(C:\Anton\Develop\Misc\MikTeX\texmfs\install\tex/generic/pgf/libraries\pgflibra
ryplothandlers.code.tex
File: pgflibraryplothandlers.code.tex 2019/05/09 v3.1.3 (3.1.3)
\pgf@plot@mark@count=\count100
\pgfplotmarksize=\dimen146
)
\tikz@lastx=\dimen147
\tikz@lasty=\dimen148
\tikz@lastxsaved=\dimen149
\tikz@lastysaved=\dimen150
\tikzleveldistance=\dimen151
\tikzsiblingdistance=\dimen152
\tikz@figbox=\box34
\tikz@figbox@bg=\box35
\tikz@tempbox=\box36
\tikz@tempbox@bg=\box37
\tikztreelevel=\count101
\tikznumberofchildren=\count102
\tikznumberofcurrentchild=\count103
\tikz@fig@count=\count104

(C:\Anton\Develop\Misc\MikTeX\texmfs\install\tex/generic/pgf/modules\pgfmodulem
atrix.code.tex
File: pgfmodulematrix.code.tex 2019/05/09 v3.1.3 (3.1.3)
\pgfmatrixcurrentrow=\count105
\pgfmatrixcurrentcolumn=\count106
\pgf@matrix@numberofcolumns=\count107
)
\tikz@expandcount=\count108

(C:\Anton\Develop\Misc\MikTeX\texmfs\install\tex/generic/pgf/frontendlayer/tikz
/libraries\tikzlibrarytopaths.code.tex
File: tikzlibrarytopaths.code.tex 2019/05/09 v3.1.3 (3.1.3)
))) (d.aux)
\openout1 = `d.aux'.

LaTeX Font Info:    Checking defaults for OML/cmm/m/it on input line 3.
LaTeX Font Info:    ... okay on input line 3.
LaTeX Font Info:    Checking defaults for T1/cmr/m/n on input line 3.
LaTeX Font Info:    ... okay on input line 3.
LaTeX Font Info:    Checking defaults for OT1/cmr/m/n on input line 3.
LaTeX Font Info:    ... okay on input line 3.
LaTeX Font Info:    Checking defaults for OMS/cmsy/m/n on input line 3.
LaTeX Font Info:    ... okay on input line 3.
LaTeX Font Info:    Checking defaults for OMX/cmex/m/n on input line 3.
LaTeX Font Info:    ... okay on input line 3.
LaTeX Font Info:    Checking defaults for U/cmr/m/n on input line 3.
LaTeX Font Info:    ... okay on input line 3.

ABD: EveryShipout initializing macros
(C:\Anton\Develop\Misc\MikTeX\texmfs\install\tex/context/base/mkii\supp-pdf.mki
i
[Loading MPS to PDF converter (version 2006.09.02).]
\scratchcounter=\count109
\scratchdimen=\dimen153
\scratchbox=\box38
\nofMPsegments=\count110
\nofMParguments=\count111
\everyMPshowfont=\toks27
\MPscratchCnt=\count112
\MPscratchDim=\dimen154
\MPnumerator=\count113
\makeMPintoPDFobject=\count114
\everyMPtoPDFconversion=\toks28
)
(C:\Anton\Develop\Misc\MikTeX\texmfs\install\tex/latex/oberdiek\epstopdf-base.s
ty
Package: epstopdf-base 2016/05/15 v2.6 Base part for package epstopdf

(C:\Anton\Develop\Misc\MikTeX\texmfs\install\tex/generic/oberdiek\infwarerr.sty
Package: infwarerr 2016/05/16 v1.4 Providing info/warning/error messages (HO)
) (C:\Anton\Develop\Misc\MikTeX\texmfs\install\tex/latex/oberdiek\grfext.sty
Package: grfext 2016/05/16 v1.2 Manage graphics extensions (HO)

(C:\Anton\Develop\Misc\MikTeX\texmfs\install\tex/generic/oberdiek\kvdefinekeys.
sty
Package: kvdefinekeys 2016/05/16 v1.4 Define keys (HO)

(C:\Anton\Develop\Misc\MikTeX\texmfs\install\tex/generic/oberdiek\ltxcmds.sty
Package: ltxcmds 2016/05/16 v1.23 LaTeX kernel commands for general use (HO)
))) (C:\Anton\Develop\Misc\MikTeX\texmfs\install\tex/latex/oberdiek\kvoptions.s
ty
Package: kvoptions 2016/05/16 v3.12 Key value format for package options (HO)

(C:\Anton\Develop\Misc\MikTeX\texmfs\install\tex/generic/oberdiek\kvsetkeys.sty
Package: kvsetkeys 2016/05/16 v1.17 Key value parser (HO)
(C:\Anton\Develop\Misc\MikTeX\texmfs\install\tex/generic/oberdiek\etexcmds.sty
Package: etexcmds 2016/05/16 v1.6 Avoid name clashes with e-TeX commands (HO)

(C:\Anton\Develop\Misc\MikTeX\texmfs\install\tex/generic/oberdiek\ifluatex.sty
Package: ifluatex 2016/05/16 v1.4 Provides the ifluatex switch (HO)
Package ifluatex Info: LuaTeX not detected.
))))
(C:\Anton\Develop\Misc\MikTeX\texmfs\install\tex/generic/oberdiek\pdftexcmds.st
y
Package: pdftexcmds 2018/09/10 v0.29 Utility functions of pdfTeX for LuaTeX (HO
)
 (C:\Anton\Develop\Misc\MikTeX\texmfs\install\tex/generic/oberdiek\ifpdf.sty
Package: ifpdf 2018/09/07 v3.3 Provides the ifpdf switch
)
Package pdftexcmds Info: LuaTeX not detected.
Package pdftexcmds Info: \pdf@primitive is available.
Package pdftexcmds Info: \pdf@ifprimitive is available.
Package pdftexcmds Info: \pdfdraftmode found.
)
Package epstopdf-base Info: Redefining graphics rule for `.eps' on input line 4
38.
Package grfext Info: Graphics extension search list:
(grfext)             [.pdf,.png,.jpg,.mps,.jpeg,.jbig2,.jb2,.PDF,.PNG,.JPG,.JPE
G,.JBIG2,.JB2,.eps]
(grfext)             \AppendGraphicsExtensions on input line 456.
)
Overfull \hbox (14.11751pt too wide) in paragraph at lines 4--15
[]\OT1/cmr/m/n/10 Hello!! [] 
 []

[1

{C:/Anton/Develop/Misc/MikTeX/texmfs/data/pdftex/config/pdftex.map}] (d.aux) ) 
Here is how much of TeX's memory you used:
 11628 strings out of 494846
 241125 string characters out of 3177340
 269215 words of memory out of 3000000
 15083 multiletter control sequences out of 15000+200000
 3640 words of font info for 14 fonts, out of 3000000 for 9000
 14 hyphenation exceptions out of 8191
 55i,5n,48p,406b,370s stack positions out of 5000i,500n,10000p,200000b,50000s
<
C:/Anton/Develop/Misc/MikTeX/texmfs/install/fonts/type1/public/amsfonts/cm/cmr1
0.pfb>
Output written on d.pdf (1 page, 12348 bytes).
PDF statistics:
 13 PDF objects out of 1000 (max. 8388607)
 0 named destinations out of 1000 (max. 500000)
 13 words of extra memory for PDF output out of 10000 (max. 10000000)

